D:\codeconnect\backend_python\main.py:51: DeprecationWarning: 
        on_event is deprecated, use lifespan event handlers instead.

        Read more about it in the
        [FastAPI docs for Lifespan Events](https://fastapi.tiangolo.com/advanced/events/).
        
  @app.on_event("startup")
INFO:     Will watch for changes in these directories: ['D:\\codeconnect']
INFO:     Uvicorn running on http://0.0.0.0:3001 (Press CTRL+C to quit)
INFO:     Started reloader process [12220] using WatchFiles
INFO:     Started server process [3320]
INFO:     Waiting for application startup.
2026-01-06 23:19:17,557 INFO sqlalchemy.engine.Engine SELECT DATABASE()
2026-01-06 23:19:17,557 INFO sqlalchemy.engine.Engine [raw sql] ()
2026-01-06 23:19:17,558 INFO sqlalchemy.engine.Engine SELECT @@sql_mode
2026-01-06 23:19:17,558 INFO sqlalchemy.engine.Engine [raw sql] ()
2026-01-06 23:19:17,558 INFO sqlalchemy.engine.Engine SELECT @@lower_case_table_names
2026-01-06 23:19:17,558 INFO sqlalchemy.engine.Engine [raw sql] ()
2026-01-06 23:19:17,559 INFO sqlalchemy.engine.Engine BEGIN (implicit)
2026-01-06 23:19:17,559 INFO sqlalchemy.engine.Engine DESCRIBE `codeconnect`.`rooms`
2026-01-06 23:19:17,559 INFO sqlalchemy.engine.Engine [raw sql] ()
2026-01-06 23:19:17,562 INFO sqlalchemy.engine.Engine DESCRIBE `codeconnect`.`messages`
2026-01-06 23:19:17,562 INFO sqlalchemy.engine.Engine [raw sql] ()
2026-01-06 23:19:17,563 INFO sqlalchemy.engine.Engine DESCRIBE `codeconnect`.`room_participants`
2026-01-06 23:19:17,563 INFO sqlalchemy.engine.Engine [raw sql] ()
2026-01-06 23:19:17,564 INFO sqlalchemy.engine.Engine DESCRIBE `codeconnect`.`users`
2026-01-06 23:19:17,564 INFO sqlalchemy.engine.Engine [raw sql] ()
2026-01-06 23:19:17,566 INFO sqlalchemy.engine.Engine COMMIT
INFO:     Application startup complete.
INFO:     127.0.0.1:63728 - "WebSocket /socket.io/?EIO=4&transport=websocket" [accepted]
INFO:     connection open
INFO:     connection closed
User connected: W1FWtF1U9TDLupKoAAAB
INFO:     127.0.0.1:62957 - "GET / HTTP/1.1" 200 OK
INFO:     127.0.0.1:62957 - "GET /.well-known/appspecific/com.chrome.devtools.json HTTP/1.1" 404 Not Found
